<?xml version="1.0" encoding="UTF-8"?>
<!-- Generated by org.testng.reporters.JUnitReportReporter -->
<testsuite hostname="swapnil" failures="0" tests="1" name="testcases.LoginTest" time="20.647" errors="0" timestamp="30 Jul 2019 06:52:39 GMT" skipped="0">
  <testcase classname="testcases.LoginTest" name="setUp" time="20.647"/>
</testsuite> <!-- testcases.LoginTest -->
